make --dry-run --always-make --keep-going --print-directory
make: Entering directory `/Users/kzak/Desktop/push_swap'
make --no-print-directory -C lib/libft
mkdir obj
gcc -Wall -Wextra -Werror -I include -I lib/libft/include -c src/push_swap/5case.c -o obj/5case.o
printf "\e[1K\r\e[0m🚧 \e[0m\e[38;2;189;147;249mCreate \e[0m\e[1m\e[38;2;255;121;198mobj/5case.o \e[0m\e[38;2;189;147;249mfrom \e[0m\e[1m\e[38;2;255;121;198msrc/push_swap/5case.c"
gcc -Wall -Wextra -Werror -I include -I lib/libft/include -c src/push_swap/moves.c -o obj/moves.o
printf "\e[1K\r\e[0m🚧 \e[0m\e[38;2;189;147;249mCreate \e[0m\e[1m\e[38;2;255;121;198mobj/moves.o \e[0m\e[38;2;189;147;249mfrom \e[0m\e[1m\e[38;2;255;121;198msrc/push_swap/moves.c"
gcc -Wall -Wextra -Werror -I include -I lib/libft/include -c src/push_swap/utils.c -o obj/utils.o
printf "\e[1K\r\e[0m🚧 \e[0m\e[38;2;189;147;249mCreate \e[0m\e[1m\e[38;2;255;121;198mobj/utils.o \e[0m\e[38;2;189;147;249mfrom \e[0m\e[1m\e[38;2;255;121;198msrc/push_swap/utils.c"
gcc -Wall -Wextra -Werror -I include -I lib/libft/include -c src/push_swap/varius_sort.c -o obj/varius_sort.o
printf "\e[1K\r\e[0m🚧 \e[0m\e[38;2;189;147;249mCreate \e[0m\e[1m\e[38;2;255;121;198mobj/varius_sort.o \e[0m\e[38;2;189;147;249mfrom \e[0m\e[1m\e[38;2;255;121;198msrc/push_swap/varius_sort.c"
gcc -Wall -Wextra -Werror -I include -I lib/libft/include -c src/stack/create_stack_with_arg.c -o obj/create_stack_with_arg.o
printf "\e[1K\r\e[0m🚧 \e[0m\e[38;2;189;147;249mCreate \e[0m\e[1m\e[38;2;255;121;198mobj/create_stack_with_arg.o \e[0m\e[38;2;189;147;249mfrom \e[0m\e[1m\e[38;2;255;121;198msrc/stack/create_stack_with_arg.c"
gcc -Wall -Wextra -Werror -I include -I lib/libft/include -c src/stack/moves2.c -o obj/moves2.o
printf "\e[1K\r\e[0m🚧 \e[0m\e[38;2;189;147;249mCreate \e[0m\e[1m\e[38;2;255;121;198mobj/moves2.o \e[0m\e[38;2;189;147;249mfrom \e[0m\e[1m\e[38;2;255;121;198msrc/stack/moves2.c"
gcc -Wall -Wextra -Werror -I include -I lib/libft/include -c src/stack/operator.c -o obj/operator.o
printf "\e[1K\r\e[0m🚧 \e[0m\e[38;2;189;147;249mCreate \e[0m\e[1m\e[38;2;255;121;198mobj/operator.o \e[0m\e[38;2;189;147;249mfrom \e[0m\e[1m\e[38;2;255;121;198msrc/stack/operator.c"
gcc -Wall -Wextra -Werror -I include -I lib/libft/include -c src/stack/utils2.c -o obj/utils2.o
printf "\e[1K\r\e[0m🚧 \e[0m\e[38;2;189;147;249mCreate \e[0m\e[1m\e[38;2;255;121;198mobj/utils2.o \e[0m\e[38;2;189;147;249mfrom \e[0m\e[1m\e[38;2;255;121;198msrc/stack/utils2.c"
gcc -Wall -Wextra -Werror -I include -I lib/libft/include -c src/stack/utils3.c -o obj/utils3.o
printf "\e[1K\r\e[0m🚧 \e[0m\e[38;2;189;147;249mCreate \e[0m\e[1m\e[38;2;255;121;198mobj/utils3.o \e[0m\e[38;2;189;147;249mfrom \e[0m\e[1m\e[38;2;255;121;198msrc/stack/utils3.c"
gcc -Wall -Wextra -Werror -I include -I lib/libft/include -c src/push_swap2/get_pivot.c -o obj/get_pivot.o
printf "\e[1K\r\e[0m🚧 \e[0m\e[38;2;189;147;249mCreate \e[0m\e[1m\e[38;2;255;121;198mobj/get_pivot.o \e[0m\e[38;2;189;147;249mfrom \e[0m\e[1m\e[38;2;255;121;198msrc/push_swap2/get_pivot.c"
gcc -Wall -Wextra -Werror -I include -I lib/libft/include -c src/push_swap2/sort_3_a.c -o obj/sort_3_a.o
printf "\e[1K\r\e[0m🚧 \e[0m\e[38;2;189;147;249mCreate \e[0m\e[1m\e[38;2;255;121;198mobj/sort_3_a.o \e[0m\e[38;2;189;147;249mfrom \e[0m\e[1m\e[38;2;255;121;198msrc/push_swap2/sort_3_a.c"
gcc -Wall -Wextra -Werror -I include -I lib/libft/include -c src/push_swap2/sort_3_b.c -o obj/sort_3_b.o
printf "\e[1K\r\e[0m🚧 \e[0m\e[38;2;189;147;249mCreate \e[0m\e[1m\e[38;2;255;121;198mobj/sort_3_b.o \e[0m\e[38;2;189;147;249mfrom \e[0m\e[1m\e[38;2;255;121;198msrc/push_swap2/sort_3_b.c"
gcc -Wall -Wextra -Werror -I include -I lib/libft/include -c src/push_swap2/sort_a.c -o obj/sort_a.o
printf "\e[1K\r\e[0m🚧 \e[0m\e[38;2;189;147;249mCreate \e[0m\e[1m\e[38;2;255;121;198mobj/sort_a.o \e[0m\e[38;2;189;147;249mfrom \e[0m\e[1m\e[38;2;255;121;198msrc/push_swap2/sort_a.c"
gcc -Wall -Wextra -Werror -I include -I lib/libft/include -c src/push_swap2/sort_b.c -o obj/sort_b.o
printf "\e[1K\r\e[0m🚧 \e[0m\e[38;2;189;147;249mCreate \e[0m\e[1m\e[38;2;255;121;198mobj/sort_b.o \e[0m\e[38;2;189;147;249mfrom \e[0m\e[1m\e[38;2;255;121;198msrc/push_swap2/sort_b.c"
printf "\e[1K\r\e[0m🚀 \e[0m\e[38;2;189;147;249mSuccessfully Created \e[0m\e[1m\e[38;2;255;121;198mpush_swap's Object files \e[0m\e[38;2;189;147;249m!"
printf "\n\e[1K\r\e[0m📚 \e[0m\e[38;2;189;147;249mCreate \e[0m\e[1m\e[38;2;255;121;198mpush_swap\e[0m\e[38;2;189;147;249m!\n"
gcc -Wall -Wextra -Werror -I include -I lib/libft/include -L./lib/libft -lft obj/5case.o obj/moves.o obj/utils.o obj/varius_sort.o obj/create_stack_with_arg.o obj/moves2.o obj/operator.o obj/utils2.o obj/utils3.o obj/get_pivot.o obj/sort_3_a.o obj/sort_3_b.o obj/sort_a.o obj/sort_b.o src/push_swap.c -o push_swap
printf "\e[1K\r\e[0m🎉 \e[0m\e[38;2;189;147;249mSuccessfully Created \e[0m\e[1m\e[38;2;255;121;198mpush_swap \e[0m\e[38;2;189;147;249m!\n\e[0m"
gcc -Wall -Wextra -Werror -I include -I lib/libft/include -c src/checker/exec_instuction.c -o obj/exec_instuction.o
printf "\e[1K\r\e[0m🚧 \e[0m\e[38;2;189;147;249mCreate \e[0m\e[1m\e[38;2;255;121;198mobj/exec_instuction.o \e[0m\e[38;2;189;147;249mfrom \e[0m\e[1m\e[38;2;255;121;198msrc/checker/exec_instuction.c"
gcc -Wall -Wextra -Werror -I include -I lib/libft/include -c src/checker/read_instruction.c -o obj/read_instruction.o
printf "\e[1K\r\e[0m🚧 \e[0m\e[38;2;189;147;249mCreate \e[0m\e[1m\e[38;2;255;121;198mobj/read_instruction.o \e[0m\e[38;2;189;147;249mfrom \e[0m\e[1m\e[38;2;255;121;198msrc/checker/read_instruction.c"
printf "\e[1K\r\e[0m🚀 \e[0m\e[38;2;189;147;249mSuccessfully Created \e[0m\e[1m\e[38;2;255;121;198mchecker's Object files \e[0m\e[38;2;189;147;249m!"
printf "\n\e[1K\r\e[0m📚 \e[0m\e[38;2;189;147;249mCreate \e[0m\e[1m\e[38;2;255;121;198mchecker\e[0m\e[38;2;189;147;249m!\n"
gcc -Wall -Wextra -Werror -I include -I lib/libft/include -L./lib/libft -lft obj/exec_instuction.o obj/read_instruction.o obj/create_stack_with_arg.o obj/moves2.o obj/operator.o obj/utils2.o obj/utils3.o src/checker.c -o checker
printf "\e[1K\r\e[0m🎉 \e[0m\e[38;2;189;147;249mSuccessfully Created \e[0m\e[1m\e[38;2;255;121;198mchecker \e[0m\e[38;2;189;147;249m!\n\e[0m"
make: Leaving directory `/Users/kzak/Desktop/push_swap'
 
