make all --print-data-base --no-builtin-variables --no-builtin-rules --question
# GNU Make 3.81
# Copyright (C) 2006  Free Software Foundation, Inc.
# This is free software; see the source for copying conditions.
# There is NO warranty; not even for MERCHANTABILITY or FITNESS FOR A
# PARTICULAR PURPOSE.

# This program built for i386-apple-darwin11.3.0
 

# Make data base, printed on Mon May 30 11:15:13 2022

# Variables

# makefile (from `Makefile', line 45)
CHECKER_DIR = $(SRC_DIR)/checker
# automatic
<D = $(patsubst %/,%,$(dir $<))
# automatic
?F = $(notdir $?)
# makefile (from `Makefile', line 14)
PUSH_SWAP = push_swap
# environment
VSCODE_LOG_NATIVE = false
# automatic
?D = $(patsubst %/,%,$(dir $?))
# automatic
@D = $(patsubst %/,%,$(dir $@))
# automatic
@F = $(notdir $@)
# makefile
CURDIR := /Users/kzak/Desktop/push_swap
# makefile
SHELL = /bin/sh
# makefile (from `Makefile', line 24)
RM = rm
# makefile (from `Makefile', line 82)
CRLF = \n$(LF)
# environment
VSCODE_NLS_CONFIG = {"locale":"en-us","availableLanguages":{},"_languagePackSupport":true}
# environment
_ = /usr/bin/make
# makefile (from `Makefile', line 38)
CFLAGS = -Wall -Wextra -Werror -I $(INC_DIR) -I $(LIBFT_INC_DIR)
# makefile (from `Makefile', line 25)
RMFLAGS = -rf
# makefile (from `Makefile', line 48)
PUSH_SWAP_DIR = $(SRC_DIR)/push_swap
# makefile (from `Makefile', line 64)
CHECKER_OBJS = $(addprefix $(OBJ_DIR)/, $(notdir $(CHECKER_SRCS:.c=.o)))
# makefile (from `Makefile', line 1)
MAKEFILE_LIST :=  Makefile
# makefile (from `Makefile', line 30)
OBJ_DIR = obj
# environment
VSCODE_VERBOSE_LOGGING = true
# makefile (from `Makefile', line 77)
FG_WHITE = $(NO_COLOR)\e[0;37m
# environment
VSCODE_IPC_HOOK_EXTHOST = /var/folders/zz/zyxvpxvq6csfxvn_n0001l3r000cry/T/vscode-ipc-03689bc5-5bdb-4b2a-8d28-66f93e6692a7.sock
# environment
VSCODE_CWD = /
# environment
Apple_PubSub_Socket_Render = /private/tmp/com.apple.launchd.Ifm60COuu0/Render
# makefile (from `Makefile', line 13)
CHECKER = checker
# environment
PATH = /usr/local/bin:/usr/bin:/bin:/usr/sbin:/sbin:/usr/local/munki
# environment
LSCOLORS = Gxfxcxdxbxegedabagacad
# makefile (from `Makefile', line 43)
STACK_SRCS = $(wildcard $(STACK_DIR)/*.c)
# makefile (from `Makefile', line 68)
CL_BOLD = \e[1m
# environment
VSCODE_LOG_STACK = false
# environment
ELECTRON_RUN_AS_NODE = 1
# makefile (from `Makefile', line 37)
LIBFT_FLAGS = -L./$(LIBFT_DIR) -lft
# default
.FEATURES := target-specific order-only second-expansion else-if archives jobserver check-symlink
# makefile (from `Makefile', line 34)
LIBFT_DIR = lib/libft
# environment
SSH_AUTH_SOCK = /private/tmp/com.apple.launchd.gKXsuwQilF/Listeners
# automatic
%F = $(notdir $%)
# environment
VSCODE_PIPE_LOGGING = true
# environment
PWD = /Users/kzak/Desktop/push_swap
# makefile (from `Makefile', line 51)
PUSH_SWAP2_DIR = $(SRC_DIR)/push_swap2
# environment
ORIGINAL_XDG_CURRENT_DESKTOP = undefined
# makefile (from `Makefile', line 27)
INC_DIR = include
# makefile (from `Makefile', line 36)
LIBFT_INC_DIR = $(LIBFT_DIR)/include
# makefile (from `Makefile', line 54)
CHECKER_SRCS = $(wildcard $(CHECKER_DIR)/*.c) $(STACK_SRCS)
# environment
VSCODE_AMD_ENTRYPOINT = vs/workbench/api/node/extensionHostProcess
# environment
HOME = /Users/kzak
# default
MAKEFILEPATH := /Applications/Xcode.app/Contents/Developer/Makefiles
# environment
VSCODE_CODE_CACHE_PATH = /Users/kzak/Library/Application Support/Code/CachedData/dfd34e8260c270da74b5c2d86d61aee4b6d56977
# environment
LOGNAME = kzak
# environment
APPLICATION_INSIGHTS_NO_DIAGNOSTIC_CHANNEL = true
# makefile (from `Makefile', line 40)
HEADERS = $(wildcard $(INC_DIR)/*.h)
# environment
ZSH = /Users/kzak/.oh-my-zsh
# environment
VSCODE_HANDLES_UNCAUGHT_ERRORS = true
# automatic
^D = $(patsubst %/,%,$(dir $^))
# makefile (from `Makefile', line 79)
FG_TEXT_PRIMARY = $(NO_COLOR)$(CL_BOLD)\e[38;2;255;121;198m
# environment
XPC_FLAGS = 0x0
# makefile (from `Makefile', line 69)
CL_DIM = \e[2m
# default
MAKE = $(MAKE_COMMAND)
# default
MAKECMDGOALS := all
# makefile (from `Makefile', line 78)
FG_TEXT = $(NO_COLOR)\e[38;2;189;147;249m
# environment
SHLVL = 1
# makefile (from `Makefile', line 55)
PUSH_SWAP_SRCS = $(wildcard $(PUSH_SWAP_DIR)/*.c) $(STACK_SRCS) $(PUSH_SWAP2_SRCS)
# makefile (from `Makefile', line 33)
LIBFT = libft.a
# makefile (from `Makefile', line 17)
CC = gcc
# default
MAKE_VERSION := 3.81
# environment
USER = kzak
# makefile
.DEFAULT_GOAL := all
# makefile (from `Makefile', line 65)
PUSH_SWAP_OBJS = $(addprefix $(OBJ_DIR)/, $(notdir $(PUSH_SWAP_SRCS:.c=.o)))
# makefile (from `Makefile', line 15)
NAME = $(PUSH_SWAP) $(CHECKER)
# makefile (from `Makefile', line 81)
LF = \e[1K\r$(NO_COLOR)
# environment
LESS = -R
# automatic
%D = $(patsubst %/,%,$(dir $%))
# makefile (from `Makefile', line 42)
STACK_DIR = $(SRC_DIR)/stack
# default
MAKE_COMMAND := /Applications/Xcode.app/Contents/Developer/usr/bin/make
# default
.VARIABLES := 
# environment
TMPDIR = /var/folders/zz/zyxvpxvq6csfxvn_n0001l3r000cry/T/
# automatic
*F = $(notdir $*)
# environment
VSCODE_IPC_HOOK = /Users/kzak/Library/Application Support/Code/1.66.2-main.sock
# makefile
MAKEFLAGS = Rrqp
# environment
MFLAGS = -Rrqp
# automatic
*D = $(patsubst %/,%,$(dir $*))
# environment
XPC_SERVICE_NAME = com.apple.xpc.launchd.oneshot.0x10000003.Electron
# automatic
+D = $(patsubst %/,%,$(dir $+))
# automatic
+F = $(notdir $+)
# environment
__CF_USER_TEXT_ENCODING = 0x331E:0x0:0x0
# environment
COMMAND_MODE = unix2003
# default
MAKEFILES := 
# makefile (from `Makefile', line 29)
SRC_DIR = src
# automatic
<F = $(notdir $<)
# makefile (from `Makefile', line 74)
BG_TEXT = \e[48;2;45;55;72m
# environment
PAGER = less
# environment
LC_ALL = C
# environment
SECURITYSESSIONID = 186a8
# makefile (from `Makefile', line 35)
LIBFT_FILE = $(LIBFT_DIR)/$(LIBFT)
# automatic
^F = $(notdir $^)
# makefile (from `Makefile', line 52)
PUSH_SWAP2_SRCS = $(wildcard $(PUSH_SWAP2_DIR)/*.c)
# default
SUFFIXES := 
# makefile (from `Makefile', line 75)
BG_BLACK = \e[48;2;30;31;33m
# makefile (from `Makefile', line 70)
CL_UDLINE = \e[4m
# default
.INCLUDE_DIRS = /usr/local/include
# environment
MAKELEVEL := 0
# environment
LANG = C
# environment
VSCODE_PID = 27811
# makefile (from `Makefile', line 72)
NO_COLOR = \e[0m
# variable set hash-table stats:
# Load=104/1024=10%, Rehash=0, Collisions=21/203=10%

# Pattern-specific Variable Values

# No pattern-specific variable values.

# Directories

# include (device 16777224, inode 710377): 6 files, no impossibilities.
# . (device 16777224, inode 710311): 9 files, no impossibilities.
# src/stack (device 16777224, inode 712081): 7 files, no impossibilities.
# src/checker (device 16777224, inode 732323): 4 files, no impossibilities.
# src/push_swap (device 16777224, inode 710503): 6 files, no impossibilities.
# lib/libft (device 16777224, inode 710382): No files, no impossibilities so far.
# src (device 16777224, inode 710500): 9 files, no impossibilities.
# src/push_swap2 (device 16777224, inode 712074): 7 files, no impossibilities.

# 48 files, no impossibilities in 8 directories.

# Implicit Rules

obj/%.o: %.c lib/libft/libft.a | obj
#  commands to execute (from `Makefile', line 100):
	@$(CC) $(CFLAGS) -c $< -o $@
	@printf "$(LF)🚧 $(FG_TEXT)Create $(FG_TEXT_PRIMARY)$@ $(FG_TEXT)from $(FG_TEXT_PRIMARY)$<"
	

# 1 implicit rules, 0 (0.0%) terminal.

# Files

# Not a target:
obj/exec_instuction.o:
#  Implicit rule search has not been done.
#  Modification time never checked.
#  File has not been updated.

# Not a target:
obj/sort_3_a.o:
#  Implicit rule search has not been done.
#  Modification time never checked.
#  File has not been updated.

all: push_swap checker
#  Phony target (prerequisite of .PHONY).
#  Command-line target.
#  Implicit rule search has not been done.
#  File does not exist.
#  File has been updated.
#  Needs to be updated (-q is set).
# variable set hash-table stats:
# Load=0/32=0%, Rehash=0, Collisions=0/3=0%

.PHONY: all clean fclean re test libft.a libft.a_clean libft.a_fclean
#  Implicit rule search has not been done.
#  Modification time never checked.
#  File has not been updated.

# Not a target:
obj/utils2.o:
#  Implicit rule search has not been done.
#  Modification time never checked.
#  File has not been updated.

# Not a target:
obj/sort_3_b.o:
#  Implicit rule search has not been done.
#  Modification time never checked.
#  File has not been updated.

# Not a target:
obj/varius_sort.o:
#  Implicit rule search has not been done.
#  Modification time never checked.
 
#  File has not been updated.

# Not a target:
.SUFFIXES:
#  Implicit rule search has not been done.
#  Modification time never checked.
#  File has not been updated.

# Not a target:
Makefile:
#  Implicit rule search has been done.
#  Last modified 2022-05-30 10:43:50
#  File has been updated.
#  Successfully updated.
# variable set hash-table stats:
# Load=0/32=0%, Rehash=0, Collisions=0/0=0%

# Not a target:
obj/sort_a.o:
#  Implicit rule search has not been done.
#  Modification time never checked.
#  File has not been updated.

libft.a: lib/libft/libft.a
#  Phony target (prerequisite of .PHONY).
#  Implicit rule search has not been done.
#  File does not exist.
#  File has not been updated.

test:
#  Phony target (prerequisite of .PHONY).
#  Implicit rule search has not been done.
#  File does not exist.
#  File has not been updated.

# Not a target:
obj/moves2.o:
#  Implicit rule search has not been done.
#  Modification time never checked.
#  File has not been updated.

# Not a target:
include/push_swap.h:
#  Implicit rule search has been done.
#  Last modified 2022-05-30 11:05:53
#  File has been updated.
#  Successfully updated.
# variable set hash-table stats:
# Load=0/32=0%, Rehash=0, Collisions=0/0=0%

# Not a target:
src/push_swap.c:
#  Implicit rule search has not been done.
#  Modification time never checked.
#  File has not been updated.

fclean: clean
#  Phony target (prerequisite of .PHONY).
#  Implicit rule search has not been done.
#  File does not exist.
#  File has not been updated.
#  commands to execute (from `Makefile', line 91):
	@$(RM) $(RMFLAGS) $(NAME)
	@printf "$(LF)🧹 $(FG_TEXT)Cleaning $(FG_TEXT_PRIMARY)$(NAME)\n"
	

# Not a target:
obj/sort_b.o:
#  Implicit rule search has not been done.
#  Modification time never checked.
#  File has not been updated.

obj:
#  Implicit rule search has not been done.
#  Implicit/static pattern stem: `'
#  File does not exist.
#  File has been updated.
#  Needs to be updated (-q is set).
# automatic
# @ := obj
# automatic
# % := 
# automatic
# * := 
# automatic
# + := 
# automatic
# | := 
# automatic
# < := 
# automatic
# ^ := 
# automatic
# ? := 
# variable set hash-table stats:
# Load=8/32=25%, Rehash=0, Collisions=1/11=9%
#  commands to execute (from `Makefile', line 97):
	@mkdir $(OBJ_DIR)
	

norm:
#  Implicit rule search has not been done.
#  Modification time never checked.
#  File has not been updated.
#  commands to execute (from `Makefile', line 116):
	@norminette -R CheckForbiddenSourceHeader
	

# Not a target:
obj/create_stack_with_arg.o:
#  Implicit rule search has not been done.
#  Modification time never checked.
#  File has not been updated.

# Not a target:
obj/utils3.o:
#  Implicit rule search has not been done.
#  Modification time never checked.
#  File has not been updated.

# Not a target:
.DEFAULT:
#  Implicit rule search has not been done.
#  Modification time never checked.
#  File has not been updated.

# Not a target:
obj/get_pivot.o:
#  Implicit rule search has not been done.
#  Modification time never checked.
#  File has not been updated.

libft.a_fclean:
#  Phony target (prerequisite of .PHONY).
#  Implicit rule search has not been done.
#  File does not exist.
#  File has not been updated.
#  commands to execute (from `Makefile', line 129):
	@make --no-print-directory -C $(LIBFT_DIR) fclean
	

# Not a target:
obj/read_instruction.o:
#  Implicit rule search has not been done.
#  Modification time never checked.
#  File has not been updated.

checker: lib/libft/libft.a include/checker.h include/push_swap.h include/push_swap2.h include/stack.h obj/exec_instuction.o obj/read_instruction.o obj/create_stack_with_arg.o obj/moves2.o obj/operator.o obj/utils2.o obj/utils3.o src/checker.c
#  Implicit rule search has not been done.
#  Modification time never checked.
#  File has not been updated.
#  commands to execute (from `Makefile', line 104):
	@printf "$(LF)🚀 $(FG_TEXT)Successfully Created $(FG_TEXT_PRIMARY)$@'s Object files $(FG_TEXT)!"
	@printf "$(CRLF)📚 $(FG_TEXT)Create $(FG_TEXT_PRIMARY)$@$(FG_TEXT)!\n"
	@$(CC) $(CFLAGS) $(LIBFT_FLAGS) $(CHECKER_OBJS) $(SRC_DIR)/checker.c -o $@
	@printf "$(LF)🎉 $(FG_TEXT)Successfully Created $(FG_TEXT_PRIMARY)$@ $(FG_TEXT)!\n$(NO_COLOR)"
	

libft.a_clean:
#  Phony target (prerequisite of .PHONY).
#  Implicit rule search has not been done.
#  File does not exist.
#  File has not been updated.
#  commands to execute (from `Makefile', line 126):
	@make --no-print-directory -C $(LIBFT_DIR) clean
	

re: fclean all
#  Phony target (prerequisite of .PHONY).
#  Implicit rule search has not been done.
#  File does not exist.
#  File has not been updated.

clean:
#  Phony target (prerequisite of .PHONY).
#  Implicit rule search has not been done.
#  File does not exist.
#  File has not been updated.
#  commands to execute (from `Makefile', line 87):
	@$(RM) $(RMFLAGS) $(OBJ_DIR)
	@printf "$(LF)🧹 $(FG_TEXT)Cleaning $(FG_TEXT_PRIMARY)$(NAME)'s Object files...\n"
	

# Not a target:
obj/utils.o:
#  Implicit rule search has not been done.
#  Modification time never checked.
#  File has not been updated.

# Not a target:
include/checker.h:
#  Implicit rule search has been done.
#  Last modified 2022-05-30 10:50:19
#  File has been updated.
#  Successfully updated.
# variable set hash-table stats:
# Load=0/32=0%, Rehash=0, Collisions=0/0=0%

# Not a target:
src/checker.c:
#  Implicit rule search has not been done.
#  Modification time never checked.
#  File has not been updated.

# Not a target:
obj/operator.o:
#  Implicit rule search has not been done.
#  Modification time never checked.
#  File has not been updated.

push_swap: lib/libft/libft.a include/checker.h include/push_swap.h include/push_swap2.h include/stack.h obj/5case.o obj/moves.o obj/utils.o obj/varius_sort.o obj/create_stack_with_arg.o obj/moves2.o obj/operator.o obj/utils2.o obj/utils3.o obj/get_pivot.o obj/sort_3_a.o obj/sort_3_b.o obj/sort_a.o obj/sort_b.o src/push_swap.c
#  Implicit rule search has not been done.
#  File does not exist.
#  File has been updated.
#  Needs to be updated (-q is set).
# variable set hash-table stats:
# Load=0/32=0%, Rehash=0, Collisions=0/3=0%
#  commands to execute (from `Makefile', line 110):
	@printf "$(LF)🚀 $(FG_TEXT)Successfully Created $(FG_TEXT_PRIMARY)$@'s Object files $(FG_TEXT)!"
	@printf "$(CRLF)📚 $(FG_TEXT)Create $(FG_TEXT_PRIMARY)$@$(FG_TEXT)!\n"
	@$(CC) $(CFLAGS) $(LIBFT_FLAGS) $(PUSH_SWAP_OBJS) $(SRC_DIR)/push_swap.c -o $@
	@printf "$(LF)🎉 $(FG_TEXT)Successfully Created $(FG_TEXT_PRIMARY)$@ $(FG_TEXT)!\n$(NO_COLOR)"
	

lib/libft/libft.a:
#  Implicit rule search has not been done.
#  Last modified 2022-05-30 10:37:08
#  File has been updated.
#  Successfully updated.
#  commands to execute (from `Makefile', line 123):
	@make --no-print-directory -C $(LIBFT_DIR)
	

# Not a target:
src/push_swap/5case.c:
#  Implicit rule search has been done.
#  Last modified 2022-05-25 15:05:24
#  File has been updated.
#  Successfully updated.
# variable set hash-table stats:
# Load=0/32=0%, Rehash=0, Collisions=0/0=0%

# Not a target:
include/push_swap2.h:
#  Implicit rule search has been done.
#  Last modified 2022-05-25 12:16:53
#  File has been updated.
#  Successfully updated.
# variable set hash-table stats:
# Load=0/32=0%, Rehash=0, Collisions=0/0=0%

# Not a target:
include/stack.h:
#  Implicit rule search has been done.
#  Last modified 2022-05-30 11:08:36
#  File has been updated.
#  Successfully updated.
# variable set hash-table stats:
# Load=0/32=0%, Rehash=0, Collisions=0/0=0%

# Not a target:
obj/moves.o:
#  Implicit rule search has not been done.
#  Modification time never checked.
#  File has not been updated.

obj/5case.o: src/push_swap/5case.c lib/libft/libft.a | obj
#  Implicit rule search has been done.
#  Implicit/static pattern stem: `5case'
#  File does not exist.
#  File has been updated.
#  Needs to be updated (-q is set).
# variable set hash-table stats:
# Load=0/32=0%, Rehash=0, Collisions=0/3=0%
#  commands to execute (from `Makefile', line 100):
	@$(CC) $(CFLAGS) -c $< -o $@
	@printf "$(LF)🚧 $(FG_TEXT)Create $(FG_TEXT_PRIMARY)$@ $(FG_TEXT)from $(FG_TEXT_PRIMARY)$<"
	

 
# files hash-table stats:
# Load=40/1024=4%, Rehash=0, Collisions=6/118=5%
# VPATH Search Paths

vpath %.c src/checker:src:src/push_swap:src/push_swap2:src/stack

# 1 `vpath' search paths.

# No general (`VPATH' variable) search path.

# # of strings in strcache: 1
# # of strcache buffers: 1
# strcache size: total = 4096 / max = 4096 / min = 4096 / avg = 4096
# strcache free: total = 4087 / max = 4087 / min = 4087 / avg = 4087

# Finished Make data base on Mon May 30 11:15:13 2022

 
